{
  level: 'error',
  message: '   database Not connected! MongoParseError: Invalid connection string',
  timestamp: '2020-11-04 21:36:03'
}
{
  name: 'MongoParseError',
  level: 'error',
  message: '   Connection error Invalid connection string',
  stack: 'MongoParseError: Invalid connection string\n' +
    '    at parseConnectionString (C:\\Users\\пк\\Desktop\\Тренинг\\Node.js-2020\\node_modules\\mongodb\\lib\\core\\uri_parser.js:565:21)\n' +
    '    at connect (C:\\Users\\пк\\Desktop\\Тренинг\\Node.js-2020\\node_modules\\mongodb\\lib\\operations\\connect.js:282:3)\n' +
    '    at C:\\Users\\пк\\Desktop\\Тренинг\\Node.js-2020\\node_modules\\mongodb\\lib\\mongo_client.js:223:5\n' +
    '    at maybePromise (C:\\Users\\пк\\Desktop\\Тренинг\\Node.js-2020\\node_modules\\mongodb\\lib\\utils.js:662:3)\n' +
    '    at MongoClient.connect (C:\\Users\\пк\\Desktop\\Тренинг\\Node.js-2020\\node_modules\\mongodb\\lib\\mongo_client.js:219:10)\n' +
    '    at C:\\Users\\пк\\Desktop\\Тренинг\\Node.js-2020\\node_modules\\mongoose\\lib\\connection.js:788:12\n' +
    '    at new Promise (<anonymous>)\n' +
    '    at NativeConnection.Connection.openUri (C:\\Users\\пк\\Desktop\\Тренинг\\Node.js-2020\\node_modules\\mongoose\\lib\\connection.js:785:19)\n' +
    '    at C:\\Users\\пк\\Desktop\\Тренинг\\Node.js-2020\\node_modules\\mongoose\\lib\\index.js:342:10\n' +
    '    at C:\\Users\\пк\\Desktop\\Тренинг\\Node.js-2020\\node_modules\\mongoose\\lib\\helpers\\promiseOrCallback.js:31:5\n' +
    '    at new Promise (<anonymous>)\n' +
    '    at promiseOrCallback (C:\\Users\\пк\\Desktop\\Тренинг\\Node.js-2020\\node_modules\\mongoose\\lib\\helpers\\promiseOrCallback.js:30:10)\n' +
    '    at Mongoose.connect (C:\\Users\\пк\\Desktop\\Тренинг\\Node.js-2020\\node_modules\\mongoose\\lib\\index.js:341:10)\n' +
    '    at dbConnect (C:\\Users\\пк\\Desktop\\Тренинг\\Node.js-2020\\src\\common\\dbConnect.js:22:20)\n' +
    '    at Object.<anonymous> (C:\\Users\\пк\\Desktop\\Тренинг\\Node.js-2020\\src\\server.js:5:1)\n' +
    '    at Module._compile (internal/modules/cjs/loader.js:1085:30)',
  timestamp: '2020-11-04 21:36:03'
}
{
  level: 'error',
  message: '   database Not connected! MongoParseError: Invalid connection string',
  timestamp: '2020-11-04 21:36:41'
}
{
  name: 'MongoParseError',
  level: 'error',
  message: '   Connection error Invalid connection string',
  stack: 'MongoParseError: Invalid connection string\n' +
    '    at parseConnectionString (C:\\Users\\пк\\Desktop\\Тренинг\\Node.js-2020\\node_modules\\mongodb\\lib\\core\\uri_parser.js:565:21)\n' +
    '    at connect (C:\\Users\\пк\\Desktop\\Тренинг\\Node.js-2020\\node_modules\\mongodb\\lib\\operations\\connect.js:282:3)\n' +
    '    at C:\\Users\\пк\\Desktop\\Тренинг\\Node.js-2020\\node_modules\\mongodb\\lib\\mongo_client.js:223:5\n' +
    '    at maybePromise (C:\\Users\\пк\\Desktop\\Тренинг\\Node.js-2020\\node_modules\\mongodb\\lib\\utils.js:662:3)\n' +
    '    at MongoClient.connect (C:\\Users\\пк\\Desktop\\Тренинг\\Node.js-2020\\node_modules\\mongodb\\lib\\mongo_client.js:219:10)\n' +
    '    at C:\\Users\\пк\\Desktop\\Тренинг\\Node.js-2020\\node_modules\\mongoose\\lib\\connection.js:788:12\n' +
    '    at new Promise (<anonymous>)\n' +
    '    at NativeConnection.Connection.openUri (C:\\Users\\пк\\Desktop\\Тренинг\\Node.js-2020\\node_modules\\mongoose\\lib\\connection.js:785:19)\n' +
    '    at C:\\Users\\пк\\Desktop\\Тренинг\\Node.js-2020\\node_modules\\mongoose\\lib\\index.js:342:10\n' +
    '    at C:\\Users\\пк\\Desktop\\Тренинг\\Node.js-2020\\node_modules\\mongoose\\lib\\helpers\\promiseOrCallback.js:31:5\n' +
    '    at new Promise (<anonymous>)\n' +
    '    at promiseOrCallback (C:\\Users\\пк\\Desktop\\Тренинг\\Node.js-2020\\node_modules\\mongoose\\lib\\helpers\\promiseOrCallback.js:30:10)\n' +
    '    at Mongoose.connect (C:\\Users\\пк\\Desktop\\Тренинг\\Node.js-2020\\node_modules\\mongoose\\lib\\index.js:341:10)\n' +
    '    at dbConnect (C:\\Users\\пк\\Desktop\\Тренинг\\Node.js-2020\\src\\common\\dbConnect.js:22:20)\n' +
    '    at Object.<anonymous> (C:\\Users\\пк\\Desktop\\Тренинг\\Node.js-2020\\src\\server.js:5:1)\n' +
    '    at Module._compile (internal/modules/cjs/loader.js:1085:30)',
  timestamp: '2020-11-04 21:36:41'
}
